{"/Users/nikhar_gangwar/Evaluation2/models/companydetails.js": {"path":"/Users/nikhar_gangwar/Evaluation2/models/companydetails.js","statementMap":{"0":{"start":{"line":4,"column":4},"end":{"line":4,"column":24}},"1":{"start":{"line":5,"column":0},"end":{"line":26,"column":2}},"2":{"start":{"line":16,"column":2},"end":{"line":24,"column":5}},"3":{"start":{"line":25,"column":2},"end":{"line":25,"column":24}}},"fnMap":{"0":{"name":"(anonymous_0)","decl":{"start":{"line":5,"column":17},"end":{"line":5,"column":18}},"loc":{"start":{"line":5,"column":43},"end":{"line":26,"column":1}},"line":5},"1":{"name":"(anonymous_1)","decl":{"start":{"line":12,"column":4},"end":{"line":12,"column":5}},"loc":{"start":{"line":12,"column":29},"end":{"line":14,"column":5}},"line":12}},"branchMap":{},"s":{"0":1,"1":1,"2":1,"3":1},"f":{"0":1,"1":1},"b":{},"_coverageSchema":"1a1c01bbd47fc00a2c39e90264f33305004495a9","hash":"4549f9736fba15bac07fa358856c9a6f88eb139a"}
,"/Users/nikhar_gangwar/Evaluation2/models/index.js": {"path":"/Users/nikhar_gangwar/Evaluation2/models/index.js","statementMap":{"0":{"start":{"line":3,"column":11},"end":{"line":3,"column":24}},"1":{"start":{"line":4,"column":13},"end":{"line":4,"column":28}},"2":{"start":{"line":5,"column":18},"end":{"line":5,"column":38}},"3":{"start":{"line":6,"column":16},"end":{"line":6,"column":34}},"4":{"start":{"line":7,"column":17},"end":{"line":7,"column":42}},"5":{"start":{"line":8,"column":12},"end":{"line":8,"column":49}},"6":{"start":{"line":9,"column":15},"end":{"line":9,"column":65}},"7":{"start":{"line":10,"column":11},"end":{"line":10,"column":13}},"8":{"start":{"line":13,"column":0},"end":{"line":17,"column":1}},"9":{"start":{"line":14,"column":2},"end":{"line":14,"column":74}},"10":{"start":{"line":16,"column":2},"end":{"line":16,"column":87}},"11":{"start":{"line":19,"column":0},"end":{"line":32,"column":5}},"12":{"start":{"line":22,"column":4},"end":{"line":27,"column":6}},"13":{"start":{"line":30,"column":18},"end":{"line":30,"column":85}},"14":{"start":{"line":31,"column":4},"end":{"line":31,"column":27}},"15":{"start":{"line":34,"column":0},"end":{"line":38,"column":3}},"16":{"start":{"line":35,"column":2},"end":{"line":37,"column":3}},"17":{"start":{"line":36,"column":4},"end":{"line":36,"column":32}},"18":{"start":{"line":40,"column":0},"end":{"line":40,"column":25}},"19":{"start":{"line":41,"column":0},"end":{"line":41,"column":25}},"20":{"start":{"line":43,"column":0},"end":{"line":43,"column":20}}},"fnMap":{"0":{"name":"(anonymous_0)","decl":{"start":{"line":21,"column":10},"end":{"line":21,"column":11}},"loc":{"start":{"line":21,"column":18},"end":{"line":28,"column":3}},"line":21},"1":{"name":"(anonymous_1)","decl":{"start":{"line":29,"column":11},"end":{"line":29,"column":12}},"loc":{"start":{"line":29,"column":19},"end":{"line":32,"column":3}},"line":29},"2":{"name":"(anonymous_2)","decl":{"start":{"line":34,"column":24},"end":{"line":34,"column":25}},"loc":{"start":{"line":34,"column":37},"end":{"line":38,"column":1}},"line":34}},"branchMap":{"0":{"loc":{"start":{"line":8,"column":12},"end":{"line":8,"column":49}},"type":"binary-expr","locations":[{"start":{"line":8,"column":12},"end":{"line":8,"column":32}},{"start":{"line":8,"column":36},"end":{"line":8,"column":49}}],"line":8},"1":{"loc":{"start":{"line":13,"column":0},"end":{"line":17,"column":1}},"type":"if","locations":[{"start":{"line":13,"column":0},"end":{"line":17,"column":1}},{"start":{"line":15,"column":7},"end":{"line":17,"column":1}}],"line":13},"2":{"loc":{"start":{"line":23,"column":6},"end":{"line":26,"column":37}},"type":"binary-expr","locations":[{"start":{"line":23,"column":6},"end":{"line":23,"column":29}},{"start":{"line":24,"column":6},"end":{"line":24,"column":23}},{"start":{"line":25,"column":6},"end":{"line":25,"column":30}},{"start":{"line":26,"column":6},"end":{"line":26,"column":37}}],"line":23},"3":{"loc":{"start":{"line":35,"column":2},"end":{"line":37,"column":3}},"type":"if","locations":[{"start":{"line":35,"column":2},"end":{"line":37,"column":3}},{"start":{},"end":{}}],"line":35}},"s":{"0":1,"1":1,"2":1,"3":1,"4":1,"5":1,"6":1,"7":1,"8":1,"9":0,"10":1,"11":1,"12":2,"13":1,"14":1,"15":1,"16":1,"17":1,"18":1,"19":1,"20":1},"f":{"0":2,"1":1,"2":1},"b":{"0":[1,0],"1":[0,1],"2":[2,2,1,1],"3":[1,0]},"_coverageSchema":"1a1c01bbd47fc00a2c39e90264f33305004495a9","hash":"18bd8cef6ed3983236a7647b41eeee4cc9b927f1"}
,"/Users/nikhar_gangwar/Evaluation2/src/controllers/controllers.js": {"path":"/Users/nikhar_gangwar/Evaluation2/src/controllers/controllers.js","statementMap":{"0":{"start":{"line":1,"column":24},"end":{"line":1,"column":59}},"1":{"start":{"line":2,"column":20},"end":{"line":2,"column":52}},"2":{"start":{"line":4,"column":37},"end":{"line":20,"column":1}},"3":{"start":{"line":6,"column":4},"end":{"line":18,"column":5}},"4":{"start":{"line":7,"column":32},"end":{"line":7,"column":69}},"5":{"start":{"line":10,"column":4},"end":{"line":10,"column":47}},"6":{"start":{"line":14,"column":8},"end":{"line":16,"column":9}},"7":{"start":{"line":15,"column":12},"end":{"line":15,"column":77}},"8":{"start":{"line":17,"column":8},"end":{"line":17,"column":42}},"9":{"start":{"line":22,"column":37},"end":{"line":34,"column":1}},"10":{"start":{"line":23,"column":4},"end":{"line":33,"column":5}},"11":{"start":{"line":24,"column":22},"end":{"line":24,"column":31}},"12":{"start":{"line":26,"column":4},"end":{"line":26,"column":75}},"13":{"start":{"line":29,"column":8},"end":{"line":31,"column":9}},"14":{"start":{"line":30,"column":12},"end":{"line":30,"column":77}},"15":{"start":{"line":32,"column":8},"end":{"line":32,"column":42}},"16":{"start":{"line":36,"column":39},"end":{"line":56,"column":1}},"17":{"start":{"line":37,"column":4},"end":{"line":55,"column":9}},"18":{"start":{"line":39,"column":27},"end":{"line":39,"column":40}},"19":{"start":{"line":40,"column":27},"end":{"line":40,"column":35}},"20":{"start":{"line":42,"column":23},"end":{"line":42,"column":88}},"21":{"start":{"line":43,"column":8},"end":{"line":48,"column":9}},"22":{"start":{"line":44,"column":12},"end":{"line":44,"column":63}},"23":{"start":{"line":47,"column":12},"end":{"line":47,"column":57}},"24":{"start":{"line":51,"column":12},"end":{"line":53,"column":13}},"25":{"start":{"line":52,"column":16},"end":{"line":52,"column":81}},"26":{"start":{"line":54,"column":12},"end":{"line":54,"column":34}},"27":{"start":{"line":59,"column":0},"end":{"line":59,"column":106}}},"fnMap":{"0":{"name":"(anonymous_0)","decl":{"start":{"line":4,"column":37},"end":{"line":4,"column":38}},"loc":{"start":{"line":4,"column":53},"end":{"line":20,"column":1}},"line":4},"1":{"name":"(anonymous_1)","decl":{"start":{"line":22,"column":37},"end":{"line":22,"column":38}},"loc":{"start":{"line":22,"column":53},"end":{"line":34,"column":1}},"line":22},"2":{"name":"(anonymous_2)","decl":{"start":{"line":36,"column":39},"end":{"line":36,"column":40}},"loc":{"start":{"line":36,"column":55},"end":{"line":56,"column":1}},"line":36}},"branchMap":{"0":{"loc":{"start":{"line":14,"column":8},"end":{"line":16,"column":9}},"type":"if","locations":[{"start":{"line":14,"column":8},"end":{"line":16,"column":9}},{"start":{},"end":{}}],"line":14},"1":{"loc":{"start":{"line":29,"column":8},"end":{"line":31,"column":9}},"type":"if","locations":[{"start":{"line":29,"column":8},"end":{"line":31,"column":9}},{"start":{},"end":{}}],"line":29},"2":{"loc":{"start":{"line":43,"column":8},"end":{"line":48,"column":9}},"type":"if","locations":[{"start":{"line":43,"column":8},"end":{"line":48,"column":9}},{"start":{"line":46,"column":13},"end":{"line":48,"column":9}}],"line":43},"3":{"loc":{"start":{"line":51,"column":12},"end":{"line":53,"column":13}},"type":"if","locations":[{"start":{"line":51,"column":12},"end":{"line":53,"column":13}},{"start":{},"end":{}}],"line":51}},"s":{"0":1,"1":1,"2":1,"3":1,"4":1,"5":1,"6":0,"7":0,"8":0,"9":1,"10":2,"11":2,"12":2,"13":1,"14":1,"15":0,"16":1,"17":2,"18":2,"19":2,"20":2,"21":1,"22":0,"23":1,"24":1,"25":1,"26":0,"27":1},"f":{"0":1,"1":2,"2":2},"b":{"0":[0,0],"1":[1,0],"2":[0,1],"3":[1,0]},"_coverageSchema":"1a1c01bbd47fc00a2c39e90264f33305004495a9","hash":"ead3fb955774959eb0eaedde29ea0ba1ea238658"}
,"/Users/nikhar_gangwar/Evaluation2/src/services/services.js": {"path":"/Users/nikhar_gangwar/Evaluation2/src/services/services.js","statementMap":{"0":{"start":{"line":2,"column":14},"end":{"line":2,"column":30}},"1":{"start":{"line":3,"column":12},"end":{"line":3,"column":35}},"2":{"start":{"line":5,"column":20},"end":{"line":5,"column":59}},"3":{"start":{"line":6,"column":28},"end":{"line":52,"column":1}},"4":{"start":{"line":8,"column":33},"end":{"line":8,"column":97}},"5":{"start":{"line":9,"column":39},"end":{"line":9,"column":64}},"6":{"start":{"line":10,"column":38},"end":{"line":10,"column":76}},"7":{"start":{"line":11,"column":44},"end":{"line":11,"column":76}},"8":{"start":{"line":13,"column":4},"end":{"line":42,"column":5}},"9":{"start":{"line":13,"column":17},"end":{"line":13,"column":18}},"10":{"start":{"line":14,"column":49},"end":{"line":14,"column":77}},"11":{"start":{"line":15,"column":54},"end":{"line":15,"column":97}},"12":{"start":{"line":16,"column":26},"end":{"line":16,"column":66}},"13":{"start":{"line":17,"column":30},"end":{"line":17,"column":70}},"14":{"start":{"line":20,"column":8},"end":{"line":20,"column":89}},"15":{"start":{"line":21,"column":28},"end":{"line":21,"column":56}},"16":{"start":{"line":22,"column":27},"end":{"line":22,"column":54}},"17":{"start":{"line":25,"column":8},"end":{"line":25,"column":101}},"18":{"start":{"line":26,"column":28},"end":{"line":26,"column":29}},"19":{"start":{"line":28,"column":8},"end":{"line":32,"column":12}},"20":{"start":{"line":29,"column":13},"end":{"line":31,"column":14}},"21":{"start":{"line":30,"column":16},"end":{"line":30,"column":203}},"22":{"start":{"line":34,"column":24},"end":{"line":39,"column":10}},"23":{"start":{"line":44,"column":30},"end":{"line":44,"column":112}},"24":{"start":{"line":46,"column":4},"end":{"line":48,"column":6}},"25":{"start":{"line":47,"column":8},"end":{"line":47,"column":54}},"26":{"start":{"line":50,"column":4},"end":{"line":50,"column":29}},"27":{"start":{"line":55,"column":40},"end":{"line":66,"column":1}},"28":{"start":{"line":56,"column":30},"end":{"line":56,"column":177}},"29":{"start":{"line":57,"column":4},"end":{"line":59,"column":5}},"30":{"start":{"line":58,"column":7},"end":{"line":58,"column":75}},"31":{"start":{"line":61,"column":4},"end":{"line":63,"column":7}},"32":{"start":{"line":62,"column":8},"end":{"line":62,"column":42}},"33":{"start":{"line":65,"column":4},"end":{"line":65,"column":29}},"34":{"start":{"line":69,"column":33},"end":{"line":82,"column":1}},"35":{"start":{"line":70,"column":30},"end":{"line":74,"column":6}},"36":{"start":{"line":76,"column":4},"end":{"line":78,"column":6}},"37":{"start":{"line":77,"column":8},"end":{"line":77,"column":58}},"38":{"start":{"line":81,"column":4},"end":{"line":81,"column":29}},"39":{"start":{"line":83,"column":0},"end":{"line":83,"column":98}}},"fnMap":{"0":{"name":"(anonymous_0)","decl":{"start":{"line":6,"column":28},"end":{"line":6,"column":29}},"loc":{"start":{"line":6,"column":40},"end":{"line":52,"column":1}},"line":6},"1":{"name":"(anonymous_1)","decl":{"start":{"line":28,"column":40},"end":{"line":28,"column":41}},"loc":{"start":{"line":28,"column":53},"end":{"line":32,"column":10}},"line":28},"2":{"name":"(anonymous_2)","decl":{"start":{"line":55,"column":40},"end":{"line":55,"column":41}},"loc":{"start":{"line":55,"column":58},"end":{"line":66,"column":1}},"line":55},"3":{"name":"(anonymous_3)","decl":{"start":{"line":61,"column":30},"end":{"line":61,"column":31}},"loc":{"start":{"line":61,"column":49},"end":{"line":63,"column":5}},"line":61},"4":{"name":"(anonymous_4)","decl":{"start":{"line":69,"column":33},"end":{"line":69,"column":34}},"loc":{"start":{"line":69,"column":62},"end":{"line":82,"column":1}},"line":69}},"branchMap":{"0":{"loc":{"start":{"line":29,"column":13},"end":{"line":31,"column":14}},"type":"if","locations":[{"start":{"line":29,"column":13},"end":{"line":31,"column":14}},{"start":{},"end":{}}],"line":29},"1":{"loc":{"start":{"line":46,"column":4},"end":{"line":48,"column":6}},"type":"if","locations":[{"start":{"line":46,"column":4},"end":{"line":48,"column":6}},{"start":{},"end":{}}],"line":46},"2":{"loc":{"start":{"line":57,"column":4},"end":{"line":59,"column":5}},"type":"if","locations":[{"start":{"line":57,"column":4},"end":{"line":59,"column":5}},{"start":{},"end":{}}],"line":57},"3":{"loc":{"start":{"line":76,"column":4},"end":{"line":78,"column":6}},"type":"if","locations":[{"start":{"line":76,"column":4},"end":{"line":78,"column":6}},{"start":{},"end":{}}],"line":76}},"s":{"0":1,"1":1,"2":1,"3":1,"4":0,"5":0,"6":0,"7":0,"8":0,"9":0,"10":0,"11":0,"12":0,"13":0,"14":0,"15":0,"16":0,"17":0,"18":0,"19":0,"20":0,"21":0,"22":0,"23":0,"24":0,"25":0,"26":0,"27":1,"28":0,"29":0,"30":0,"31":0,"32":0,"33":0,"34":1,"35":0,"36":0,"37":0,"38":0,"39":1},"f":{"0":0,"1":0,"2":0,"3":0,"4":0},"b":{"0":[0,0],"1":[0,0],"2":[0,0],"3":[0,0]},"_coverageSchema":"1a1c01bbd47fc00a2c39e90264f33305004495a9","hash":"49401314dfccb1de2bee5141014eda526a1cab11"}
,"/Users/nikhar_gangwar/Evaluation2/src/utils/httperror.js": {"path":"/Users/nikhar_gangwar/Evaluation2/src/utils/httperror.js","statementMap":{"0":{"start":{"line":3,"column":8},"end":{"line":3,"column":23}},"1":{"start":{"line":4,"column":8},"end":{"line":4,"column":37}},"2":{"start":{"line":5,"column":8},"end":{"line":5,"column":31}},"3":{"start":{"line":9,"column":0},"end":{"line":9,"column":29}}},"fnMap":{"0":{"name":"(anonymous_0)","decl":{"start":{"line":2,"column":4},"end":{"line":2,"column":5}},"loc":{"start":{"line":2,"column":37},"end":{"line":6,"column":5}},"line":2}},"branchMap":{},"s":{"0":2,"1":2,"2":2,"3":1},"f":{"0":2},"b":{},"_coverageSchema":"1a1c01bbd47fc00a2c39e90264f33305004495a9","hash":"19af609e66a453a4c0030f53eda2d7fc6b4e403c"}
}
