TN:
SF:models/companydetails.js
FN:5,(anonymous_0)
FN:12,(anonymous_1)
FNF:2
FNH:2
FNDA:2,(anonymous_0)
FNDA:2,(anonymous_1)
DA:4,2
DA:5,2
DA:16,2
DA:25,2
LF:4
LH:4
BRF:0
BRH:0
end_of_record
TN:
SF:models/index.js
FN:21,(anonymous_0)
FN:29,(anonymous_1)
FN:34,(anonymous_2)
FNF:3
FNH:3
FNDA:4,(anonymous_0)
FNDA:2,(anonymous_1)
FNDA:2,(anonymous_2)
DA:3,2
DA:4,2
DA:5,2
DA:6,2
DA:7,2
DA:8,2
DA:9,2
DA:10,2
DA:13,2
DA:14,0
DA:16,2
DA:19,2
DA:22,4
DA:30,2
DA:31,2
DA:34,2
DA:35,2
DA:36,2
DA:40,2
DA:41,2
DA:43,2
LF:21
LH:20
BRDA:8,0,0,2
BRDA:8,0,1,0
BRDA:13,1,0,0
BRDA:13,1,1,2
BRDA:23,2,0,4
BRDA:23,2,1,4
BRDA:23,2,2,2
BRDA:23,2,3,2
BRDA:35,3,0,2
BRDA:35,3,1,0
BRF:10
BRH:7
end_of_record
TN:
SF:src/controllers/controllers.js
FN:4,(anonymous_0)
FN:22,(anonymous_1)
FN:36,(anonymous_2)
FNF:3
FNH:3
FNDA:1,(anonymous_0)
FNDA:2,(anonymous_1)
FNDA:2,(anonymous_2)
DA:1,1
DA:2,1
DA:4,1
DA:6,1
DA:7,1
DA:10,1
DA:14,0
DA:15,0
DA:17,0
DA:22,1
DA:23,2
DA:24,2
DA:26,2
DA:29,1
DA:30,1
DA:32,0
DA:36,1
DA:37,2
DA:39,2
DA:40,2
DA:42,2
DA:43,1
DA:44,0
DA:47,1
DA:51,1
DA:52,1
DA:54,0
DA:59,1
LF:28
LH:22
BRDA:14,0,0,0
BRDA:14,0,1,0
BRDA:29,1,0,1
BRDA:29,1,1,0
BRDA:43,2,0,0
BRDA:43,2,1,1
BRDA:51,3,0,1
BRDA:51,3,1,0
BRF:8
BRH:3
end_of_record
TN:
SF:src/services/services.js
FN:6,(anonymous_0)
FN:28,(anonymous_1)
FN:55,(anonymous_2)
FN:61,(anonymous_3)
FN:69,(anonymous_4)
FNF:5
FNH:3
FNDA:0,(anonymous_0)
FNDA:0,(anonymous_1)
FNDA:1,(anonymous_2)
FNDA:1,(anonymous_3)
FNDA:1,(anonymous_4)
DA:2,2
DA:3,2
DA:5,2
DA:6,2
DA:8,0
DA:9,0
DA:10,0
DA:11,0
DA:13,0
DA:14,0
DA:15,0
DA:16,0
DA:17,0
DA:20,0
DA:21,0
DA:22,0
DA:25,0
DA:26,0
DA:28,0
DA:29,0
DA:30,0
DA:34,0
DA:44,0
DA:46,0
DA:47,0
DA:50,0
DA:55,2
DA:56,1
DA:57,1
DA:58,0
DA:61,1
DA:62,1
DA:65,1
DA:69,2
DA:70,1
DA:76,1
DA:77,0
DA:81,1
DA:83,2
LF:39
LH:15
BRDA:29,0,0,0
BRDA:29,0,1,0
BRDA:46,1,0,0
BRDA:46,1,1,0
BRDA:57,2,0,0
BRDA:57,2,1,1
BRDA:76,3,0,0
BRDA:76,3,1,1
BRF:8
BRH:2
end_of_record
TN:
SF:src/utils/httperror.js
FN:2,(anonymous_0)
FNF:1
FNH:1
FNDA:2,(anonymous_0)
DA:3,2
DA:4,2
DA:5,2
DA:9,2
LF:4
LH:4
BRF:0
BRH:0
end_of_record
